[20:08:46.987] [INFO] storybook v10.1.8
[20:08:47.075] [INFO] Loading main config failed as the file does not seem to be valid ESM. Trying a temporary fix, please ensure the main config is valid ESM.
[20:08:47.233] [DEBUG] Getting package.json info for /Users/macbook/Documents/microbuild/packages/ui-interfaces/package.json...
[20:08:47.234] [WARN] You are currently using Storybook [1m10.1.8[22m but you have packages which are incompatible with it:

- @storybook/blocks@8.6.14 which depends on ^8.6.14
 Repo: https://github.com/storybookjs/storybook/tree/next/code/lib/blocks
- @storybook/test@8.6.14 which depends on 8.6.14
 Repo: https://github.com/storybookjs/storybook/tree/next/code/lib/test

Please consider updating your packages or contacting the maintainers for compatibility details.

For more details on compatibility guidance, see:
https://github.com/storybookjs/storybook/issues/32836
[20:08:47.244] [ERROR] [38;2;241;97;97mSB_CORE-SERVER_0002 (CriticalPresetLoadError): Storybook failed to load the following preset: ./.storybook/main.ts.

Please check whether your setup is correct, the Storybook dependencies (and their peer dependencies) are installed correctly and there are no package version clashes.

If you believe this is a bug, please open an issue on Github.

ReferenceError: require is not defined in ES module scope, you can use import instead
    at getAbsolutePath (file://./.storybook/main.ts:3:18)
    at file://./.storybook/main.ts:11:5
    at ModuleJob.run (node:internal/modules/esm/module_job:271:25)
    at async onImport.tracePromise.__proto__ (node:internal/modules/esm/loader:547:26)
    at async importModule (file:///Users/macbook/Documents/microbuild/node_modules/.pnpm/storybook@10.1.8_@testing-library+dom@10.4.0_react-dom@19.2.0_react@19.2.0__react@19.2.0/node_modules/storybook/dist/_node-chunks/chunk-MOOIRZDT.js:732:11)
    at async loadMainConfig (file:///Users/macbook/Documents/microbuild/node_modules/.pnpm/storybook@10.1.8_@testing-library+dom@10.4.0_react-dom@19.2.0_react@19.2.0__react@19.2.0/node_modules/storybook/dist/_node-chunks/chunk-76UP3JOL.js:11670:12)
    at async buildDevStandalone (file:///Users/macbook/Documents/microbuild/node_modules/.pnpm/storybook@10.1.8_@testing-library+dom@10.4.0_react-dom@19.2.0_react@19.2.0__react@19.2.0/node_modules/storybook/dist/core-server/index.js:7149:16)
    at async withTelemetry (file:///Users/macbook/Documents/microbuild/node_modules/.pnpm/storybook@10.1.8_@testing-library+dom@10.4.0_react-dom@19.2.0_react@19.2.0__react@19.2.0/node_modules/storybook/dist/_node-chunks/chunk-6CJUCYYK.js:209:12)
    at async dev (file:///Users/macbook/Documents/microbuild/node_modules/.pnpm/storybook@10.1.8_@testing-library+dom@10.4.0_react-dom@19.2.0_react@19.2.0__react@19.2.0/node_modules/storybook/dist/bin/core.js:2734:3)
    at async _Command.<anonymous> (file:///Users/macbook/Documents/microbuild/node_modules/.pnpm/storybook@10.1.8_@testing-library+dom@10.4.0_react-dom@19.2.0_react@19.2.0__react@19.2.0/node_modules/storybook/dist/bin/core.js:2801:92)

More info: 
[39m
    at loadPreset (file:///Users/macbook/Documents/microbuild/node_modules/.pnpm/storybook@10.1.8_@testing-library+dom@10.4.0_react-dom@19.2.0_react@19.2.0__react@19.2.0/node_modules/storybook/dist/_node-chunks/chunk-76UP3JOL.js:10101:13)
    at async Promise.all (index 1)
    at async loadPresets (file:///Users/macbook/Documents/microbuild/node_modules/.pnpm/storybook@10.1.8_@testing-library+dom@10.4.0_react-dom@19.2.0_react@19.2.0__react@19.2.0/node_modules/storybook/dist/_node-chunks/chunk-76UP3JOL.js:10110:73)
    at async getPresets (file:///Users/macbook/Documents/microbuild/node_modules/.pnpm/storybook@10.1.8_@testing-library+dom@10.4.0_react-dom@19.2.0_react@19.2.0__react@19.2.0/node_modules/storybook/dist/_node-chunks/chunk-76UP3JOL.js:10141:23)
    at async buildDevStandalone (file:///Users/macbook/Documents/microbuild/node_modules/.pnpm/storybook@10.1.8_@testing-library+dom@10.4.0_react-dom@19.2.0_react@19.2.0__react@19.2.0/node_modules/storybook/dist/core-server/index.js:7163:17)
    at async withTelemetry (file:///Users/macbook/Documents/microbuild/node_modules/.pnpm/storybook@10.1.8_@testing-library+dom@10.4.0_react-dom@19.2.0_react@19.2.0__react@19.2.0/node_modules/storybook/dist/_node-chunks/chunk-6CJUCYYK.js:209:12)
    at async dev (file:///Users/macbook/Documents/microbuild/node_modules/.pnpm/storybook@10.1.8_@testing-library+dom@10.4.0_react-dom@19.2.0_react@19.2.0__react@19.2.0/node_modules/storybook/dist/bin/core.js:2734:3)
    at async _Command.<anonymous> (file:///Users/macbook/Documents/microbuild/node_modules/.pnpm/storybook@10.1.8_@testing-library+dom@10.4.0_react-dom@19.2.0_react@19.2.0__react@19.2.0/node_modules/storybook/dist/bin/core.js:2801:92)
[20:08:47.245] [WARN] Broken build, fix the error above.
You may need to refresh the browser.
[20:08:47.247] [WARN]   Failed to load preset: "/Users/macbook/Documents/microbuild/packages/ui-interfaces/.storybook/main.ts"
[20:08:47.247] [ERROR] [38;2;241;97;97mReferenceError: require is not defined in ES module scope, you can use import instead[39m
    at getAbsolutePath (file://./.storybook/main.ts:3:18)
    at file://./.storybook/main.ts:11:5
    at ModuleJob.run (node:internal/modules/esm/module_job:271:25)
    at async onImport.tracePromise.__proto__ (node:internal/modules/esm/loader:547:26)
    at async importModule (file:///Users/macbook/Documents/microbuild/node_modules/.pnpm/storybook@10.1.8_@testing-library+dom@10.4.0_react-dom@19.2.0_react@19.2.0__react@19.2.0/node_modules/storybook/dist/_node-chunks/chunk-MOOIRZDT.js:732:11)
    at async loadMainConfig (file:///Users/macbook/Documents/microbuild/node_modules/.pnpm/storybook@10.1.8_@testing-library+dom@10.4.0_react-dom@19.2.0_react@19.2.0__react@19.2.0/node_modules/storybook/dist/_node-chunks/chunk-76UP3JOL.js:11670:12)
    at async buildDevStandalone (file:///Users/macbook/Documents/microbuild/node_modules/.pnpm/storybook@10.1.8_@testing-library+dom@10.4.0_react-dom@19.2.0_react@19.2.0__react@19.2.0/node_modules/storybook/dist/core-server/index.js:7149:16)
    at async withTelemetry (file:///Users/macbook/Documents/microbuild/node_modules/.pnpm/storybook@10.1.8_@testing-library+dom@10.4.0_react-dom@19.2.0_react@19.2.0__react@19.2.0/node_modules/storybook/dist/_node-chunks/chunk-6CJUCYYK.js:209:12)
    at async dev (file:///Users/macbook/Documents/microbuild/node_modules/.pnpm/storybook@10.1.8_@testing-library+dom@10.4.0_react-dom@19.2.0_react@19.2.0__react@19.2.0/node_modules/storybook/dist/bin/core.js:2734:3)
    at async _Command.<anonymous> (file:///Users/macbook/Documents/microbuild/node_modules/.pnpm/storybook@10.1.8_@testing-library+dom@10.4.0_react-dom@19.2.0_react@19.2.0__react@19.2.0/node_modules/storybook/dist/bin/core.js:2801:92)
[20:08:47.251] [INFO] Loading main config failed as the file does not seem to be valid ESM. Trying a temporary fix, please ensure the main config is valid ESM.
[20:08:47.405] [INFO] Loading main config failed as the file does not seem to be valid ESM. Trying a temporary fix, please ensure the main config is valid ESM.
[20:08:47.413] [INFO] Loading main config failed as the file does not seem to be valid ESM. Trying a temporary fix, please ensure the main config is valid ESM.